<?xml version="1.0" encoding="UTF-8"?>
<testng-results skipped="0" failed="0" total="1" passed="1">
  <reporter-output>
  </reporter-output>
  <suite name="Default suite" duration-ms="87" started-at="2014-06-27T05:15:39Z" finished-at="2014-06-27T05:15:39Z">
    <groups>
    </groups>
    <test name="Default test" duration-ms="87" started-at="2014-06-27T05:15:39Z" finished-at="2014-06-27T05:15:39Z">
      <class name="com.test.selenium.webdriver.TestNGPrac1">
        <test-method status="PASS" signature="f()[pri:0, instance:com.test.selenium.webdriver.TestNGPrac1@8a4156]" name="f" duration-ms="51" started-at="2014-06-27T10:45:39Z" finished-at="2014-06-27T10:45:39Z">
          <reporter-output>
          </reporter-output>
        </test-method> <!-- f -->
      </class> <!-- com.test.selenium.webdriver.TestNGPrac1 -->
    </test> <!-- Default test -->
  </suite> <!-- Default suite -->
</testng-results>
